srv\src\main\resources\edmx\API_BUSINESS_PARTNER.xml
srv\src\main\resources\edmx\API_BUSINESS_PARTNER_ar.xml
srv\src\main\resources\edmx\API_BUSINESS_PARTNER_cs.xml
srv\src\main\resources\edmx\API_BUSINESS_PARTNER_da.xml
srv\src\main\resources\edmx\API_BUSINESS_PARTNER_de.xml
srv\src\main\resources\edmx\API_BUSINESS_PARTNER_en.xml
srv\src\main\resources\edmx\API_BUSINESS_PARTNER_es.xml
srv\src\main\resources\edmx\API_BUSINESS_PARTNER_fi.xml
srv\src\main\resources\edmx\API_BUSINESS_PARTNER_fr.xml
srv\src\main\resources\edmx\API_BUSINESS_PARTNER_hu.xml
srv\src\main\resources\edmx\API_BUSINESS_PARTNER_it.xml
srv\src\main\resources\edmx\API_BUSINESS_PARTNER_ja.xml
srv\src\main\resources\edmx\API_BUSINESS_PARTNER_ko.xml
srv\src\main\resources\edmx\API_BUSINESS_PARTNER_ms.xml
srv\src\main\resources\edmx\API_BUSINESS_PARTNER_nl.xml
srv\src\main\resources\edmx\API_BUSINESS_PARTNER_no.xml
srv\src\main\resources\edmx\API_BUSINESS_PARTNER_pl.xml
srv\src\main\resources\edmx\API_BUSINESS_PARTNER_pt.xml
srv\src\main\resources\edmx\API_BUSINESS_PARTNER_ro.xml
srv\src\main\resources\edmx\API_BUSINESS_PARTNER_ru.xml
srv\src\main\resources\edmx\API_BUSINESS_PARTNER_sv.xml
srv\src\main\resources\edmx\API_BUSINESS_PARTNER_th.xml
srv\src\main\resources\edmx\API_BUSINESS_PARTNER_tr.xml
srv\src\main\resources\edmx\API_BUSINESS_PARTNER_zh_CN.xml
srv\src\main\resources\edmx\API_BUSINESS_PARTNER_zh_TW.xml
srv\src\main\resources\edmx\AdminService.xml
srv\src\main\resources\edmx\AdminService_ar.xml
srv\src\main\resources\edmx\AdminService_cs.xml
srv\src\main\resources\edmx\AdminService_da.xml
srv\src\main\resources\edmx\AdminService_de.xml
srv\src\main\resources\edmx\AdminService_en.xml
srv\src\main\resources\edmx\AdminService_es.xml
srv\src\main\resources\edmx\AdminService_fi.xml
srv\src\main\resources\edmx\AdminService_fr.xml
srv\src\main\resources\edmx\AdminService_hu.xml
srv\src\main\resources\edmx\AdminService_it.xml
srv\src\main\resources\edmx\AdminService_ja.xml
srv\src\main\resources\edmx\AdminService_ko.xml
srv\src\main\resources\edmx\AdminService_ms.xml
srv\src\main\resources\edmx\AdminService_nl.xml
srv\src\main\resources\edmx\AdminService_no.xml
srv\src\main\resources\edmx\AdminService_pl.xml
srv\src\main\resources\edmx\AdminService_pt.xml
srv\src\main\resources\edmx\AdminService_ro.xml
srv\src\main\resources\edmx\AdminService_ru.xml
srv\src\main\resources\edmx\AdminService_sv.xml
srv\src\main\resources\edmx\AdminService_th.xml
srv\src\main\resources\edmx\AdminService_tr.xml
srv\src\main\resources\edmx\AdminService_zh_CN.xml
srv\src\main\resources\edmx\AdminService_zh_TW.xml
srv\src\main\resources\edmx\CatalogService.xml
srv\src\main\resources\edmx\CatalogService_ar.xml
srv\src\main\resources\edmx\CatalogService_cs.xml
srv\src\main\resources\edmx\CatalogService_da.xml
srv\src\main\resources\edmx\CatalogService_de.xml
srv\src\main\resources\edmx\CatalogService_en.xml
srv\src\main\resources\edmx\CatalogService_es.xml
srv\src\main\resources\edmx\CatalogService_fi.xml
srv\src\main\resources\edmx\CatalogService_fr.xml
srv\src\main\resources\edmx\CatalogService_hu.xml
srv\src\main\resources\edmx\CatalogService_it.xml
srv\src\main\resources\edmx\CatalogService_ja.xml
srv\src\main\resources\edmx\CatalogService_ko.xml
srv\src\main\resources\edmx\CatalogService_ms.xml
srv\src\main\resources\edmx\CatalogService_nl.xml
srv\src\main\resources\edmx\CatalogService_no.xml
srv\src\main\resources\edmx\CatalogService_pl.xml
srv\src\main\resources\edmx\CatalogService_pt.xml
srv\src\main\resources\edmx\CatalogService_ro.xml
srv\src\main\resources\edmx\CatalogService_ru.xml
srv\src\main\resources\edmx\CatalogService_sv.xml
srv\src\main\resources\edmx\CatalogService_th.xml
srv\src\main\resources\edmx\CatalogService_tr.xml
srv\src\main\resources\edmx\CatalogService_zh_CN.xml
srv\src\main\resources\edmx\CatalogService_zh_TW.xml
srv\src\main\resources\edmx\NotesService.xml
srv\src\main\resources\edmx\NotesService_ar.xml
srv\src\main\resources\edmx\NotesService_cs.xml
srv\src\main\resources\edmx\NotesService_da.xml
srv\src\main\resources\edmx\NotesService_de.xml
srv\src\main\resources\edmx\NotesService_en.xml
srv\src\main\resources\edmx\NotesService_es.xml
srv\src\main\resources\edmx\NotesService_fi.xml
srv\src\main\resources\edmx\NotesService_fr.xml
srv\src\main\resources\edmx\NotesService_hu.xml
srv\src\main\resources\edmx\NotesService_it.xml
srv\src\main\resources\edmx\NotesService_ja.xml
srv\src\main\resources\edmx\NotesService_ko.xml
srv\src\main\resources\edmx\NotesService_ms.xml
srv\src\main\resources\edmx\NotesService_nl.xml
srv\src\main\resources\edmx\NotesService_no.xml
srv\src\main\resources\edmx\NotesService_pl.xml
srv\src\main\resources\edmx\NotesService_pt.xml
srv\src\main\resources\edmx\NotesService_ro.xml
srv\src\main\resources\edmx\NotesService_ru.xml
srv\src\main\resources\edmx\NotesService_sv.xml
srv\src\main\resources\edmx\NotesService_th.xml
srv\src\main\resources\edmx\NotesService_tr.xml
srv\src\main\resources\edmx\NotesService_zh_CN.xml
srv\src\main\resources\edmx\NotesService_zh_TW.xml
srv\src\main\resources\edmx\ReviewService.xml
srv\src\main\resources\edmx\ReviewService_ar.xml
srv\src\main\resources\edmx\ReviewService_cs.xml
srv\src\main\resources\edmx\ReviewService_da.xml
srv\src\main\resources\edmx\ReviewService_de.xml
srv\src\main\resources\edmx\ReviewService_en.xml
srv\src\main\resources\edmx\ReviewService_es.xml
srv\src\main\resources\edmx\ReviewService_fi.xml
srv\src\main\resources\edmx\ReviewService_fr.xml
srv\src\main\resources\edmx\ReviewService_hu.xml
srv\src\main\resources\edmx\ReviewService_it.xml
srv\src\main\resources\edmx\ReviewService_ja.xml
srv\src\main\resources\edmx\ReviewService_ko.xml
srv\src\main\resources\edmx\ReviewService_ms.xml
srv\src\main\resources\edmx\ReviewService_nl.xml
srv\src\main\resources\edmx\ReviewService_no.xml
srv\src\main\resources\edmx\ReviewService_pl.xml
srv\src\main\resources\edmx\ReviewService_pt.xml
srv\src\main\resources\edmx\ReviewService_ro.xml
srv\src\main\resources\edmx\ReviewService_ru.xml
srv\src\main\resources\edmx\ReviewService_sv.xml
srv\src\main\resources\edmx\ReviewService_th.xml
srv\src\main\resources\edmx\ReviewService_tr.xml
srv\src\main\resources\edmx\ReviewService_zh_CN.xml
srv\src\main\resources\edmx\ReviewService_zh_TW.xml
srv\src\main\resources\edmx\csn.json